<?xml version="1.0" encoding="UTF-8"?>
<!-- Generated by org.testng.reporters.JUnitReportReporter -->
<testsuite skipped="0" hostname="mahbub-VirtualBox" name="common.ReverseNumber" tests="1" failures="0" timestamp="07 May 2019 04:29:47 GMT" time="6.013" errors="0">
  <testcase name="testNg" time="6.013" classname="common.ReverseNumber"/>
</testsuite> <!-- common.ReverseNumber -->
