<?xml version="1.0" encoding="UTF-8"?>
<!-- Generated by org.testng.reporters.JUnitReportReporter -->
<testsuite skipped="0" hostname="mahbub-VirtualBox" name="encapsulation.Person" tests="1" failures="0" timestamp="06 May 2019 21:22:05 GMT" time="0.087" errors="0">
  <testcase name="displayInfo" time="0.087" classname="encapsulation.Person"/>
</testsuite> <!-- encapsulation.Person -->
