<?xml version="1.0" encoding="UTF-8"?>
<!-- Generated by org.testng.reporters.JUnitReportReporter -->
<testsuite skipped="0" hostname="mahbub-VirtualBox" name="encapsulation.Teacher" tests="1" failures="0" timestamp="06 May 2019 21:37:57 GMT" time="0.047" errors="0">
  <testcase name="displayInfo" time="0.047" classname="encapsulation.Teacher"/>
</testsuite> <!-- encapsulation.Teacher -->
